<?xml version="1.0" encoding="UTF-8"?>
<testng-results skipped="0" failed="0" ignored="3" total="21" passed="18">
  <reporter-output>
  </reporter-output>
  <suite name="AutomationPractice" duration-ms="193927" started-at="2020-09-25T14:34:19Z" finished-at="2020-09-25T14:37:33Z">
    <groups>
      <group name="cucumber">
        <method signature="AbstractTestNGCucumberTests.runScenario(io.cucumber.testng.PickleWrapper, io.cucumber.testng.FeatureWrapper)[pri:0, instance:pages.PageObject@65e2dbf3]" name="runScenario" class="io.cucumber.testng.AbstractTestNGCucumberTests"/>
        <method signature="AbstractTestNGCucumberTests.runScenario(io.cucumber.testng.PickleWrapper, io.cucumber.testng.FeatureWrapper)[pri:0, instance:testRunner.AccountCreationRunner@7fac631b]" name="runScenario" class="io.cucumber.testng.AbstractTestNGCucumberTests"/>
        <method signature="AbstractTestNGCucumberTests.runScenario(io.cucumber.testng.PickleWrapper, io.cucumber.testng.FeatureWrapper)[pri:0, instance:testRunner.ProductOrderRunner@887af79]" name="runScenario" class="io.cucumber.testng.AbstractTestNGCucumberTests"/>
        <method signature="AbstractTestNGCucumberTests.runScenario(io.cucumber.testng.PickleWrapper, io.cucumber.testng.FeatureWrapper)[pri:0, instance:utilities.TestBase@4f970963]" name="runScenario" class="io.cucumber.testng.AbstractTestNGCucumberTests"/>
      </group> <!-- cucumber -->
    </groups>
    <test name="ProductOrderChrome" duration-ms="193927" started-at="2020-09-25T14:34:19Z" finished-at="2020-09-25T14:37:33Z">
      <class name="testRunner.AccountCreationRunner">
        <test-method status="PASS" signature="setUpClass()[pri:0, instance:testRunner.AccountCreationRunner@7fac631b]" name="setUpClass" is-config="true" duration-ms="29" started-at="2020-09-25T14:35:03Z" finished-at="2020-09-25T14:35:03Z">
          <reporter-output>
          </reporter-output>
        </test-method> <!-- setUpClass -->
        <test-method status="PASS" signature="runScenario(io.cucumber.testng.PickleWrapper, io.cucumber.testng.FeatureWrapper)[pri:0, instance:testRunner.AccountCreationRunner@7fac631b]" name="runScenario" duration-ms="7519" started-at="2020-09-25T14:35:03Z" description="Runs Cucumber Scenarios" data-provider="scenarios" finished-at="2020-09-25T14:35:10Z">
          <params>
            <param index="0">
              <value>
                <![CDATA["Validate the correct response according to different cases for email address"]]>
              </value>
            </param>
            <param index="1">
              <value>
                <![CDATA["Optional[New account creation]"]]>
              </value>
            </param>
          </params>
          <reporter-output>
          </reporter-output>
        </test-method> <!-- runScenario -->
        <test-method status="PASS" signature="runScenario(io.cucumber.testng.PickleWrapper, io.cucumber.testng.FeatureWrapper)[pri:0, instance:testRunner.AccountCreationRunner@7fac631b]" name="runScenario" duration-ms="5530" started-at="2020-09-25T14:35:10Z" description="Runs Cucumber Scenarios" data-provider="scenarios" finished-at="2020-09-25T14:35:16Z">
          <params>
            <param index="0">
              <value>
                <![CDATA["Validate the correct response according to different cases for email address"]]>
              </value>
            </param>
            <param index="1">
              <value>
                <![CDATA["Optional[New account creation]"]]>
              </value>
            </param>
          </params>
          <reporter-output>
          </reporter-output>
        </test-method> <!-- runScenario -->
        <test-method status="PASS" signature="runScenario(io.cucumber.testng.PickleWrapper, io.cucumber.testng.FeatureWrapper)[pri:0, instance:testRunner.AccountCreationRunner@7fac631b]" name="runScenario" duration-ms="7666" started-at="2020-09-25T14:35:16Z" description="Runs Cucumber Scenarios" data-provider="scenarios" finished-at="2020-09-25T14:35:24Z">
          <params>
            <param index="0">
              <value>
                <![CDATA["Validate the correct response according to different cases for email address"]]>
              </value>
            </param>
            <param index="1">
              <value>
                <![CDATA["Optional[New account creation]"]]>
              </value>
            </param>
          </params>
          <reporter-output>
          </reporter-output>
        </test-method> <!-- runScenario -->
        <test-method status="PASS" signature="runScenario(io.cucumber.testng.PickleWrapper, io.cucumber.testng.FeatureWrapper)[pri:0, instance:testRunner.AccountCreationRunner@7fac631b]" name="runScenario" duration-ms="8476" started-at="2020-09-25T14:35:24Z" description="Runs Cucumber Scenarios" data-provider="scenarios" finished-at="2020-09-25T14:35:32Z">
          <params>
            <param index="0">
              <value>
                <![CDATA["Validate the correct response according to different cases for email address"]]>
              </value>
            </param>
            <param index="1">
              <value>
                <![CDATA["Optional[New account creation]"]]>
              </value>
            </param>
          </params>
          <reporter-output>
          </reporter-output>
        </test-method> <!-- runScenario -->
        <test-method status="PASS" signature="runScenario(io.cucumber.testng.PickleWrapper, io.cucumber.testng.FeatureWrapper)[pri:0, instance:testRunner.AccountCreationRunner@7fac631b]" name="runScenario" duration-ms="10475" started-at="2020-09-25T14:35:32Z" description="Runs Cucumber Scenarios" data-provider="scenarios" finished-at="2020-09-25T14:35:43Z">
          <params>
            <param index="0">
              <value>
                <![CDATA["Validate that we should fill the mandatory field"]]>
              </value>
            </param>
            <param index="1">
              <value>
                <![CDATA["Optional[New account creation]"]]>
              </value>
            </param>
          </params>
          <reporter-output>
          </reporter-output>
        </test-method> <!-- runScenario -->
        <test-method status="PASS" signature="runScenario(io.cucumber.testng.PickleWrapper, io.cucumber.testng.FeatureWrapper)[pri:0, instance:testRunner.AccountCreationRunner@7fac631b]" name="runScenario" duration-ms="9668" started-at="2020-09-25T14:35:43Z" description="Runs Cucumber Scenarios" data-provider="scenarios" finished-at="2020-09-25T14:35:52Z">
          <params>
            <param index="0">
              <value>
                <![CDATA["Validate that we should fill the mandatory field"]]>
              </value>
            </param>
            <param index="1">
              <value>
                <![CDATA["Optional[New account creation]"]]>
              </value>
            </param>
          </params>
          <reporter-output>
          </reporter-output>
        </test-method> <!-- runScenario -->
        <test-method status="PASS" signature="runScenario(io.cucumber.testng.PickleWrapper, io.cucumber.testng.FeatureWrapper)[pri:0, instance:testRunner.AccountCreationRunner@7fac631b]" name="runScenario" duration-ms="10891" started-at="2020-09-25T14:35:52Z" description="Runs Cucumber Scenarios" data-provider="scenarios" finished-at="2020-09-25T14:36:03Z">
          <params>
            <param index="0">
              <value>
                <![CDATA["Validate that we should fill the mandatory field"]]>
              </value>
            </param>
            <param index="1">
              <value>
                <![CDATA["Optional[New account creation]"]]>
              </value>
            </param>
          </params>
          <reporter-output>
          </reporter-output>
        </test-method> <!-- runScenario -->
        <test-method status="PASS" signature="runScenario(io.cucumber.testng.PickleWrapper, io.cucumber.testng.FeatureWrapper)[pri:0, instance:testRunner.AccountCreationRunner@7fac631b]" name="runScenario" duration-ms="10614" started-at="2020-09-25T14:36:03Z" description="Runs Cucumber Scenarios" data-provider="scenarios" finished-at="2020-09-25T14:36:14Z">
          <params>
            <param index="0">
              <value>
                <![CDATA["Validate that we should fill the mandatory field"]]>
              </value>
            </param>
            <param index="1">
              <value>
                <![CDATA["Optional[New account creation]"]]>
              </value>
            </param>
          </params>
          <reporter-output>
          </reporter-output>
        </test-method> <!-- runScenario -->
        <test-method status="PASS" signature="runScenario(io.cucumber.testng.PickleWrapper, io.cucumber.testng.FeatureWrapper)[pri:0, instance:testRunner.AccountCreationRunner@7fac631b]" name="runScenario" duration-ms="10223" started-at="2020-09-25T14:36:14Z" description="Runs Cucumber Scenarios" data-provider="scenarios" finished-at="2020-09-25T14:36:24Z">
          <params>
            <param index="0">
              <value>
                <![CDATA["Validate that we should fill the mandatory field"]]>
              </value>
            </param>
            <param index="1">
              <value>
                <![CDATA["Optional[New account creation]"]]>
              </value>
            </param>
          </params>
          <reporter-output>
          </reporter-output>
        </test-method> <!-- runScenario -->
        <test-method status="PASS" signature="runScenario(io.cucumber.testng.PickleWrapper, io.cucumber.testng.FeatureWrapper)[pri:0, instance:testRunner.AccountCreationRunner@7fac631b]" name="runScenario" duration-ms="7840" started-at="2020-09-25T14:36:24Z" description="Runs Cucumber Scenarios" data-provider="scenarios" finished-at="2020-09-25T14:36:32Z">
          <params>
            <param index="0">
              <value>
                <![CDATA["Validate that we should fill the mandatory field"]]>
              </value>
            </param>
            <param index="1">
              <value>
                <![CDATA["Optional[New account creation]"]]>
              </value>
            </param>
          </params>
          <reporter-output>
          </reporter-output>
        </test-method> <!-- runScenario -->
        <test-method status="PASS" signature="runScenario(io.cucumber.testng.PickleWrapper, io.cucumber.testng.FeatureWrapper)[pri:0, instance:testRunner.AccountCreationRunner@7fac631b]" name="runScenario" duration-ms="9151" started-at="2020-09-25T14:36:32Z" description="Runs Cucumber Scenarios" data-provider="scenarios" finished-at="2020-09-25T14:36:41Z">
          <params>
            <param index="0">
              <value>
                <![CDATA["Validate that we should fill the mandatory field"]]>
              </value>
            </param>
            <param index="1">
              <value>
                <![CDATA["Optional[New account creation]"]]>
              </value>
            </param>
          </params>
          <reporter-output>
          </reporter-output>
        </test-method> <!-- runScenario -->
        <test-method status="PASS" signature="runScenario(io.cucumber.testng.PickleWrapper, io.cucumber.testng.FeatureWrapper)[pri:0, instance:testRunner.AccountCreationRunner@7fac631b]" name="runScenario" duration-ms="8924" started-at="2020-09-25T14:36:41Z" description="Runs Cucumber Scenarios" data-provider="scenarios" finished-at="2020-09-25T14:36:50Z">
          <params>
            <param index="0">
              <value>
                <![CDATA["Validate that we should fill the mandatory field"]]>
              </value>
            </param>
            <param index="1">
              <value>
                <![CDATA["Optional[New account creation]"]]>
              </value>
            </param>
          </params>
          <reporter-output>
          </reporter-output>
        </test-method> <!-- runScenario -->
        <test-method status="PASS" signature="runScenario(io.cucumber.testng.PickleWrapper, io.cucumber.testng.FeatureWrapper)[pri:0, instance:testRunner.AccountCreationRunner@7fac631b]" name="runScenario" duration-ms="9967" started-at="2020-09-25T14:36:50Z" description="Runs Cucumber Scenarios" data-provider="scenarios" finished-at="2020-09-25T14:37:00Z">
          <params>
            <param index="0">
              <value>
                <![CDATA["Validate that we should fill the mandatory field"]]>
              </value>
            </param>
            <param index="1">
              <value>
                <![CDATA["Optional[New account creation]"]]>
              </value>
            </param>
          </params>
          <reporter-output>
          </reporter-output>
        </test-method> <!-- runScenario -->
        <test-method status="PASS" signature="runScenario(io.cucumber.testng.PickleWrapper, io.cucumber.testng.FeatureWrapper)[pri:0, instance:testRunner.AccountCreationRunner@7fac631b]" name="runScenario" duration-ms="8467" started-at="2020-09-25T14:37:00Z" description="Runs Cucumber Scenarios" data-provider="scenarios" finished-at="2020-09-25T14:37:08Z">
          <params>
            <param index="0">
              <value>
                <![CDATA["Validate that we should fill the mandatory field"]]>
              </value>
            </param>
            <param index="1">
              <value>
                <![CDATA["Optional[New account creation]"]]>
              </value>
            </param>
          </params>
          <reporter-output>
          </reporter-output>
        </test-method> <!-- runScenario -->
        <test-method status="PASS" signature="runScenario(io.cucumber.testng.PickleWrapper, io.cucumber.testng.FeatureWrapper)[pri:0, instance:testRunner.AccountCreationRunner@7fac631b]" name="runScenario" duration-ms="8326" started-at="2020-09-25T14:37:08Z" description="Runs Cucumber Scenarios" data-provider="scenarios" finished-at="2020-09-25T14:37:17Z">
          <params>
            <param index="0">
              <value>
                <![CDATA["Validate that we can not register using invalid field"]]>
              </value>
            </param>
            <param index="1">
              <value>
                <![CDATA["Optional[New account creation]"]]>
              </value>
            </param>
          </params>
          <reporter-output>
          </reporter-output>
        </test-method> <!-- runScenario -->
        <test-method status="PASS" signature="runScenario(io.cucumber.testng.PickleWrapper, io.cucumber.testng.FeatureWrapper)[pri:0, instance:testRunner.AccountCreationRunner@7fac631b]" name="runScenario" duration-ms="7826" started-at="2020-09-25T14:37:17Z" description="Runs Cucumber Scenarios" data-provider="scenarios" finished-at="2020-09-25T14:37:25Z">
          <params>
            <param index="0">
              <value>
                <![CDATA["Validate that we can not register using invalid field"]]>
              </value>
            </param>
            <param index="1">
              <value>
                <![CDATA["Optional[New account creation]"]]>
              </value>
            </param>
          </params>
          <reporter-output>
          </reporter-output>
        </test-method> <!-- runScenario -->
        <test-method status="PASS" signature="runScenario(io.cucumber.testng.PickleWrapper, io.cucumber.testng.FeatureWrapper)[pri:0, instance:testRunner.AccountCreationRunner@7fac631b]" name="runScenario" duration-ms="7490" started-at="2020-09-25T14:37:25Z" description="Runs Cucumber Scenarios" data-provider="scenarios" finished-at="2020-09-25T14:37:32Z">
          <params>
            <param index="0">
              <value>
                <![CDATA["Validate that we can not register using invalid field"]]>
              </value>
            </param>
            <param index="1">
              <value>
                <![CDATA["Optional[New account creation]"]]>
              </value>
            </param>
          </params>
          <reporter-output>
          </reporter-output>
        </test-method> <!-- runScenario -->
        <test-method status="PASS" signature="tearDownClass()[pri:0, instance:testRunner.AccountCreationRunner@7fac631b]" name="tearDownClass" is-config="true" duration-ms="20" started-at="2020-09-25T14:37:32Z" finished-at="2020-09-25T14:37:32Z">
          <reporter-output>
          </reporter-output>
        </test-method> <!-- tearDownClass -->
      </class> <!-- testRunner.AccountCreationRunner -->
      <class name="utilities.ExtentReport">
        <test-method status="PASS" signature="endReport()[pri:0, instance:utilities.ExtentReport@61f8bee4]" name="endReport" is-config="true" duration-ms="200" started-at="2020-09-25T14:37:32Z" finished-at="2020-09-25T14:37:32Z">
          <reporter-output>
          </reporter-output>
        </test-method> <!-- endReport -->
        <test-method status="PASS" signature="closedriver()[pri:0, instance:utilities.TestBase@4f970963]" name="closedriver" is-config="true" duration-ms="813" started-at="2020-09-25T14:37:32Z" finished-at="2020-09-25T14:37:33Z">
          <reporter-output>
          </reporter-output>
        </test-method> <!-- closedriver -->
      </class> <!-- utilities.ExtentReport -->
      <class name="pages.PageObject">
        <test-method status="PASS" signature="setUpClass()[pri:0, instance:pages.PageObject@65e2dbf3]" name="setUpClass" is-config="true" duration-ms="2" started-at="2020-09-25T14:34:21Z" finished-at="2020-09-25T14:34:21Z">
          <reporter-output>
          </reporter-output>
        </test-method> <!-- setUpClass -->
        <test-method status="PASS" signature="tearDownClass()[pri:0, instance:pages.PageObject@65e2dbf3]" name="tearDownClass" is-config="true" duration-ms="0" started-at="2020-09-25T14:34:21Z" finished-at="2020-09-25T14:34:21Z">
          <reporter-output>
          </reporter-output>
        </test-method> <!-- tearDownClass -->
      </class> <!-- pages.PageObject -->
      <class name="testRunner.ProductOrderRunner">
        <test-method status="PASS" signature="setUpClass()[pri:0, instance:testRunner.ProductOrderRunner@887af79]" name="setUpClass" is-config="true" duration-ms="300" started-at="2020-09-25T14:34:21Z" finished-at="2020-09-25T14:34:22Z">
          <reporter-output>
          </reporter-output>
        </test-method> <!-- setUpClass -->
        <test-method status="PASS" signature="runScenario(io.cucumber.testng.PickleWrapper, io.cucumber.testng.FeatureWrapper)[pri:0, instance:testRunner.ProductOrderRunner@887af79]" name="runScenario" duration-ms="41066" started-at="2020-09-25T14:34:22Z" description="Runs Cucumber Scenarios" data-provider="scenarios" finished-at="2020-09-25T14:35:03Z">
          <params>
            <param index="0">
              <value>
                <![CDATA["Validate that the order is placed in order history page after authenticating as new user"]]>
              </value>
            </param>
            <param index="1">
              <value>
                <![CDATA["Optional[Product Order]"]]>
              </value>
            </param>
          </params>
          <reporter-output>
          </reporter-output>
        </test-method> <!-- runScenario -->
        <test-method status="PASS" signature="tearDownClass()[pri:0, instance:testRunner.ProductOrderRunner@887af79]" name="tearDownClass" is-config="true" duration-ms="44" started-at="2020-09-25T14:35:03Z" finished-at="2020-09-25T14:35:03Z">
          <reporter-output>
          </reporter-output>
        </test-method> <!-- tearDownClass -->
      </class> <!-- testRunner.ProductOrderRunner -->
      <class name="utilities.TestBase">
        <test-method status="PASS" signature="WebInit(java.lang.String)[pri:0, instance:utilities.TestBase@4f970963]" name="WebInit" is-config="true" duration-ms="2134" started-at="2020-09-25T14:34:19Z" finished-at="2020-09-25T14:34:21Z">
          <params>
            <param index="0">
              <value>
                <![CDATA[Chrome]]>
              </value>
            </param>
          </params>
          <reporter-output>
          </reporter-output>
        </test-method> <!-- WebInit -->
        <test-method status="PASS" signature="PageFactoryObject()[pri:0, instance:pages.PageObject@65e2dbf3]" name="PageFactoryObject" is-config="true" duration-ms="47" started-at="2020-09-25T14:34:21Z" depends-on-methods="utilities.TestBase.WebInit" finished-at="2020-09-25T14:34:21Z">
          <reporter-output>
          </reporter-output>
        </test-method> <!-- PageFactoryObject -->
        <test-method status="PASS" signature="startReport(java.lang.String)[pri:0, instance:utilities.ExtentReport@61f8bee4]" name="startReport" is-config="true" duration-ms="82" started-at="2020-09-25T14:34:21Z" finished-at="2020-09-25T14:34:21Z">
          <params>
            <param index="0">
              <value>
                <![CDATA[ProductOrderChrome]]>
              </value>
            </param>
          </params>
          <reporter-output>
          </reporter-output>
        </test-method> <!-- startReport -->
        <test-method status="PASS" signature="setUpClass()[pri:0, instance:utilities.TestBase@4f970963]" name="setUpClass" is-config="true" duration-ms="100" started-at="2020-09-25T14:34:21Z" finished-at="2020-09-25T14:34:21Z">
          <reporter-output>
          </reporter-output>
        </test-method> <!-- setUpClass -->
        <test-method status="PASS" signature="tearDownClass()[pri:0, instance:utilities.TestBase@4f970963]" name="tearDownClass" is-config="true" duration-ms="4" started-at="2020-09-25T14:34:21Z" finished-at="2020-09-25T14:34:21Z">
          <reporter-output>
          </reporter-output>
        </test-method> <!-- tearDownClass -->
      </class> <!-- utilities.TestBase -->
    </test> <!-- ProductOrderChrome -->
  </suite> <!-- AutomationPractice -->
</testng-results>
