<?xml version="1.0" encoding="UTF-8"?>
<testng-results skipped="0" failed="0" ignored="2" total="3" passed="1">
  <reporter-output>
  </reporter-output>
  <suite name="AutomationPractice" duration-ms="47607" started-at="2020-09-24T21:19:48Z" finished-at="2020-09-24T21:20:35Z">
    <groups>
      <group name="cucumber">
        <method signature="AbstractTestNGCucumberTests.runScenario(io.cucumber.testng.PickleWrapper, io.cucumber.testng.FeatureWrapper)[pri:0, instance:pages.PageObject@2b9627bc]" name="runScenario" class="io.cucumber.testng.AbstractTestNGCucumberTests"/>
        <method signature="AbstractTestNGCucumberTests.runScenario(io.cucumber.testng.PickleWrapper, io.cucumber.testng.FeatureWrapper)[pri:0, instance:testRunner.ProductOrderRunner@7b49cea0]" name="runScenario" class="io.cucumber.testng.AbstractTestNGCucumberTests"/>
        <method signature="AbstractTestNGCucumberTests.runScenario(io.cucumber.testng.PickleWrapper, io.cucumber.testng.FeatureWrapper)[pri:0, instance:utilities.TestBase@65e2dbf3]" name="runScenario" class="io.cucumber.testng.AbstractTestNGCucumberTests"/>
      </group> <!-- cucumber -->
    </groups>
    <test name="ProductOrderChrome" duration-ms="47607" started-at="2020-09-24T21:19:48Z" finished-at="2020-09-24T21:20:35Z">
      <class name="utilities.ExtentReport">
        <test-method status="PASS" signature="endReport()[pri:0, instance:utilities.ExtentReport@4f970963]" name="endReport" is-config="true" duration-ms="390" started-at="2020-09-24T21:20:35Z" finished-at="2020-09-24T21:20:35Z">
          <reporter-output>
          </reporter-output>
        </test-method> <!-- endReport -->
      </class> <!-- utilities.ExtentReport -->
      <class name="pages.PageObject">
        <test-method status="PASS" signature="setUpClass()[pri:0, instance:pages.PageObject@2b9627bc]" name="setUpClass" is-config="true" duration-ms="3" started-at="2020-09-24T21:19:50Z" finished-at="2020-09-24T21:19:50Z">
          <reporter-output>
          </reporter-output>
        </test-method> <!-- setUpClass -->
        <test-method status="PASS" signature="tearDownClass()[pri:0, instance:pages.PageObject@2b9627bc]" name="tearDownClass" is-config="true" duration-ms="0" started-at="2020-09-24T21:19:50Z" finished-at="2020-09-24T21:19:50Z">
          <reporter-output>
          </reporter-output>
        </test-method> <!-- tearDownClass -->
      </class> <!-- pages.PageObject -->
      <class name="testRunner.ProductOrderRunner">
        <test-method status="PASS" signature="setUpClass()[pri:0, instance:testRunner.ProductOrderRunner@7b49cea0]" name="setUpClass" is-config="true" duration-ms="345" started-at="2020-09-24T21:19:50Z" finished-at="2020-09-24T21:19:51Z">
          <reporter-output>
          </reporter-output>
        </test-method> <!-- setUpClass -->
        <test-method status="PASS" signature="runScenario(io.cucumber.testng.PickleWrapper, io.cucumber.testng.FeatureWrapper)[pri:0, instance:testRunner.ProductOrderRunner@7b49cea0]" name="runScenario" duration-ms="44073" started-at="2020-09-24T21:19:51Z" description="Runs Cucumber Scenarios" data-provider="scenarios" finished-at="2020-09-24T21:20:35Z">
          <params>
            <param index="0">
              <value>
                <![CDATA["Validate that the order is placed in order history page after authenticating as new user"]]>
              </value>
            </param>
            <param index="1">
              <value>
                <![CDATA["Optional[Product Order]"]]>
              </value>
            </param>
          </params>
          <reporter-output>
          </reporter-output>
        </test-method> <!-- runScenario -->
        <test-method status="PASS" signature="tearDownClass()[pri:0, instance:testRunner.ProductOrderRunner@7b49cea0]" name="tearDownClass" is-config="true" duration-ms="74" started-at="2020-09-24T21:20:35Z" finished-at="2020-09-24T21:20:35Z">
          <reporter-output>
          </reporter-output>
        </test-method> <!-- tearDownClass -->
      </class> <!-- testRunner.ProductOrderRunner -->
      <class name="utilities.TestBase">
        <test-method status="PASS" signature="WebInit(java.lang.String)[pri:0, instance:utilities.TestBase@65e2dbf3]" name="WebInit" is-config="true" duration-ms="2416" started-at="2020-09-24T21:19:48Z" finished-at="2020-09-24T21:19:50Z">
          <params>
            <param index="0">
              <value>
                <![CDATA[Chrome]]>
              </value>
            </param>
          </params>
          <reporter-output>
          </reporter-output>
        </test-method> <!-- WebInit -->
        <test-method status="PASS" signature="PageFactoryObject()[pri:0, instance:pages.PageObject@2b9627bc]" name="PageFactoryObject" is-config="true" duration-ms="42" started-at="2020-09-24T21:19:50Z" depends-on-methods="utilities.TestBase.WebInit" finished-at="2020-09-24T21:19:50Z">
          <reporter-output>
          </reporter-output>
        </test-method> <!-- PageFactoryObject -->
        <test-method status="PASS" signature="startReport(java.lang.String)[pri:0, instance:utilities.ExtentReport@4f970963]" name="startReport" is-config="true" duration-ms="120" started-at="2020-09-24T21:19:50Z" finished-at="2020-09-24T21:19:50Z">
          <params>
            <param index="0">
              <value>
                <![CDATA[ProductOrderChrome]]>
              </value>
            </param>
          </params>
          <reporter-output>
          </reporter-output>
        </test-method> <!-- startReport -->
        <test-method status="PASS" signature="setUpClass()[pri:0, instance:utilities.TestBase@65e2dbf3]" name="setUpClass" is-config="true" duration-ms="113" started-at="2020-09-24T21:19:50Z" finished-at="2020-09-24T21:19:50Z">
          <reporter-output>
          </reporter-output>
        </test-method> <!-- setUpClass -->
        <test-method status="PASS" signature="tearDownClass()[pri:0, instance:utilities.TestBase@65e2dbf3]" name="tearDownClass" is-config="true" duration-ms="5" started-at="2020-09-24T21:19:50Z" finished-at="2020-09-24T21:19:50Z">
          <reporter-output>
          </reporter-output>
        </test-method> <!-- tearDownClass -->
      </class> <!-- utilities.TestBase -->
    </test> <!-- ProductOrderChrome -->
  </suite> <!-- AutomationPractice -->
</testng-results>
