<?xml version="1.0" encoding="UTF-8"?>
<!-- Generated by org.testng.reporters.JUnitXMLReporter -->
<testsuite hostname="IT3ANCVR" ignored="2" name="ProductOrderChrome" tests="1" failures="0" timestamp="24 Sep 2020 21:20:35 GMT" time="47.607" errors="0">
  <testcase name="runScenario" time="44.073" classname="io.cucumber.testng.AbstractTestNGCucumberTests"/>
  <testcase name="@BeforeTest WebInit" time="0.0" classname="utilities.TestBase">
    <ignored/>
  </testcase> <!-- @BeforeTest WebInit -->
  <testcase name="@BeforeTest WebInit" time="0.0" classname="utilities.TestBase">
    <ignored/>
  </testcase> <!-- @BeforeTest WebInit -->
</testsuite> <!-- ProductOrderChrome -->
